<?xml version="1.0" encoding="UTF-8"?>
<testsuite xmlns:xsi="http://www.w3.org/2001/XMLSchema-instance" xsi:noNamespaceSchemaLocation="https://maven.apache.org/surefire/maven-surefire-plugin/xsd/surefire-test-report-3.0.xsd" version="3.0" name="runners.TestRunner" time="13.8" tests="4" errors="0" skipped="0" failures="0">
  <properties>
[...]
</properties>
  <testcase name="Valid metric inputs return a complete result table for male user(Carbohydrate Calculator - Metric Units " classname="TC-001 &amp; TC-002)" time="4.748">
    <system-out><![CDATA[
Scenario Outline: Valid metric inputs return a complete result table for male user         # src/test/resources/features/MetricCalculator.feature:20
  Given Page open in Chrome.                                                               # steps.CarbSteps.openPage()
  And Metric units tab active.                                                             # steps.CarbSteps.metricTabActive()
  When I enter age as 30                                                                   # steps.CarbSteps.enterAge(int)
  And I select gender as male                                                              # steps.CarbSteps.selectGender(java.lang.String)
  And I enter height as 178 cm                                                             # steps.CarbSteps.enterHeight(int)
  And I enter weight as 80 kg                                                              # steps.CarbSteps.enterWeight(int)
  And I select activity level as "Moderate: exercise 4-5 times/week"                       # steps.CarbSteps.selectActivityLevel(java.lang.String)
  And I click the Calculate button                                                         # steps.CarbSteps.clickCalculate()
  Then the result table should appear with 5 on the page                                   # steps.CarbSteps.verifyResultTable(int)
  And Daily Calorie Allowance and carb gram values as 40%, 55%, 65%, 75% percentage column # steps.CarbSteps.verifyPercentageColumns()
  And Daily Calorie Allowance and carb gram values should not be zero                      # steps.CarbSteps.verifyValuesNotZero()
]]></system-out>
    <system-err><![CDATA[SLF4J(W): No SLF4J providers were found.
SLF4J(W): Defaulting to no-operation (NOP) logger implementation
SLF4J(W): See https://www.slf4j.org/codes.html#noProviders for further details.
Feb 26, 2026 7:16:58 P.M. org.openqa.selenium.devtools.CdpVersionFinder findNearestMatch
WARNING: Unable to find CDP implementation matching 145
Feb 26, 2026 7:16:58 P.M. org.openqa.selenium.chromium.ChromiumDriver lambda$new$5
WARNING: Unable to find version of CDP to use for 145.0.7632.117. You may need to include a dependency on a specific version of the CDP using something similar to `org.seleniumhq.selenium:selenium-devtools-v86:4.23.1` where the version ("v86") matches the version of the chromium-based browser you're using and the version number of the artifact is the same as Selenium's.
]]></system-err>
  </testcase>
  <testcase name="Valid metric inputs return a complete result table for female user(Carbohydrate Calculator - Metric Units " classname="TC-001 &amp; TC-002)" time="2.491">
    <system-out><![CDATA[
Scenario Outline: Valid metric inputs return a complete result table for female user       # src/test/resources/features/MetricCalculator.feature:21
  Given Page open in Chrome.                                                               # steps.CarbSteps.openPage()
  And Metric units tab active.                                                             # steps.CarbSteps.metricTabActive()
  When I enter age as 28                                                                   # steps.CarbSteps.enterAge(int)
  And I select gender as female                                                            # steps.CarbSteps.selectGender(java.lang.String)
  And I enter height as 163 cm                                                             # steps.CarbSteps.enterHeight(int)
  And I enter weight as 60 kg                                                              # steps.CarbSteps.enterWeight(int)
  And I select activity level as "Light: exercise 1-3 times/week"                          # steps.CarbSteps.selectActivityLevel(java.lang.String)
  And I click the Calculate button                                                         # steps.CarbSteps.clickCalculate()
  Then the result table should appear with 5 on the page                                   # steps.CarbSteps.verifyResultTable(int)
  And Daily Calorie Allowance and carb gram values as 40%, 55%, 65%, 75% percentage column # steps.CarbSteps.verifyPercentageColumns()
  And Daily Calorie Allowance and carb gram values should not be zero                      # steps.CarbSteps.verifyValuesNotZero()
]]></system-out>
    <system-err><![CDATA[Feb 26, 2026 7:17:01 P.M. org.openqa.selenium.devtools.CdpVersionFinder findNearestMatch
WARNING: Unable to find CDP implementation matching 145
Feb 26, 2026 7:17:01 P.M. org.openqa.selenium.chromium.ChromiumDriver lambda$new$5
WARNING: Unable to find version of CDP to use for 145.0.7632.117. You may need to include a dependency on a specific version of the CDP using something similar to `org.seleniumhq.selenium:selenium-devtools-v86:4.23.1` where the version ("v86") matches the version of the chromium-based browser you're using and the version number of the artifact is the same as Selenium's.
]]></system-err>
  </testcase>
  <testcase name="Valid US inputs return complete result for male" classname="Carbohydrate Calculator - US Units" time="2.927">
    <system-out><![CDATA[
Scenario Outline: Valid US inputs return complete result for male     # src/test/resources/features/USUnit.feature:19
  Given Page open in Chrome.                                          # steps.CarbSteps.openPage()
  And I click on US units tab                                         # steps.USUnit.clickUSUnitsTab()
  When I enter age as 30                                              # steps.CarbSteps.enterAge(int)
  And I select gender as male                                         # steps.CarbSteps.selectGender(java.lang.String)
  And I enter height as 5 feet and 9 inches                           # steps.USUnit.enterHeightUS(int,int)
  And I enter weight as 170 pound                                     # steps.USUnit.enterWeightUS(int)
  And I select activity level as "Moderate: exercise 4-5 times/week"  # steps.CarbSteps.selectActivityLevel(java.lang.String)
  And I click the Calculate button                                    # steps.CarbSteps.clickCalculate()
  Then the result table should appear with 5 on the page              # steps.CarbSteps.verifyResultTable(int)
  And Daily Calorie Allowance and carb gram values should not be zero # steps.CarbSteps.verifyValuesNotZero()
]]></system-out>
    <system-err><![CDATA[Feb 26, 2026 7:17:03 P.M. org.openqa.selenium.devtools.CdpVersionFinder findNearestMatch
WARNING: Unable to find CDP implementation matching 145
Feb 26, 2026 7:17:03 P.M. org.openqa.selenium.chromium.ChromiumDriver lambda$new$5
WARNING: Unable to find version of CDP to use for 145.0.7632.117. You may need to include a dependency on a specific version of the CDP using something similar to `org.seleniumhq.selenium:selenium-devtools-v86:4.23.1` where the version ("v86") matches the version of the chromium-based browser you're using and the version number of the artifact is the same as Selenium's.
]]></system-err>
  </testcase>
  <testcase name="Valid US inputs return complete result for female" classname="Carbohydrate Calculator - US Units" time="2.763">
    <system-out><![CDATA[
Scenario Outline: Valid US inputs return complete result for female                          # src/test/resources/features/USUnit.feature:20
  Given Page open in Chrome.                                                                 # steps.CarbSteps.openPage()
  And I click on US units tab                                                                # steps.USUnit.clickUSUnitsTab()
  When I enter age as 25                                                                     # steps.CarbSteps.enterAge(int)
  And I select gender as female                                                              # steps.CarbSteps.selectGender(java.lang.String)
  And I enter height as 5 feet and 4 inches                                                  # steps.USUnit.enterHeightUS(int,int)
  And I enter weight as 130 pound                                                            # steps.USUnit.enterWeightUS(int)
  And I select activity level as "Active: daily exercise or intense exercise 3-4 times/week" # steps.CarbSteps.selectActivityLevel(java.lang.String)
  And I click the Calculate button                                                           # steps.CarbSteps.clickCalculate()
  Then the result table should appear with 5 on the page                                     # steps.CarbSteps.verifyResultTable(int)
  And Daily Calorie Allowance and carb gram values should not be zero                        # steps.CarbSteps.verifyValuesNotZero()
]]></system-out>
    <system-err><![CDATA[Feb 26, 2026 7:17:06 P.M. org.openqa.selenium.devtools.CdpVersionFinder findNearestMatch
WARNING: Unable to find CDP implementation matching 145
Feb 26, 2026 7:17:06 P.M. org.openqa.selenium.chromium.ChromiumDriver lambda$new$5
WARNING: Unable to find version of CDP to use for 145.0.7632.117. You may need to include a dependency on a specific version of the CDP using something similar to `org.seleniumhq.selenium:selenium-devtools-v86:4.23.1` where the version ("v86") matches the version of the chromium-based browser you're using and the version number of the artifact is the same as Selenium's.
]]></system-err>
  </testcase>
</testsuite>